20230524	15:02:45	3fedf0c4-7885-4e51-92bf-8c6e7948cc96	GET	/	undefined
20230524	15:02:45	ea98c466-fb27-41f8-b541-cbddeef8bb02	GET	/css/style.css	undefined
20230524	15:36:34	3493ae5f-eb2c-4fea-9f49-0462f30788f2	POST	/users	undefined
20230524	15:36:39	cc5c5237-2f02-413f-bf38-654a454a0da8	GET	/users	undefined
20230524	15:36:42	33cd62ad-af6e-4cfa-83df-9c7bbd4ff883	GET	/users	undefined
20230524	15:37:05	47e3ba50-425f-4b7b-82a3-ba3d753304dc	GET	/users	undefined
20230605	12:17:13	ba18fcb6-c8fb-4f20-834d-73f25b4bf337	GET	/	undefined
20230605	12:17:13	4e589400-da23-441c-b974-4ecea584adaa	GET	/css/style.css	undefined
20230605	12:17:15	8f70b1e0-f807-459f-849a-9faff0265138	GET	/favicon.ico	undefined
20230605	12:17:20	0da95c96-987f-4f2c-9436-f67e56e12c1f	GET	/users	undefined
20230605	12:39:46	1ff716fb-4339-41e6-9748-fe5fc76249fe	GET	/users	undefined
20230605	12:41:21	6198f2da-b6ed-4083-8ff0-d173bd582b70	POST	/users	undefined
20230605	14:35:37	aa9d9f5d-6cee-4881-87fa-9388052a33b4	POST	/users	undefined
20230605	14:35:53	1a019d9a-2a32-4404-9d67-2adc36e9cb04	GET	/users	undefined
20230605	14:35:54	3f1387b7-8bb0-4569-b5f9-f3392c570aec	GET	/users	undefined
20230605	14:36:04	deffcd52-6259-4c4c-9e66-b6d9d8e699dd	GET	/users	undefined
20230605	14:36:08	688f257b-4f15-4e52-b02d-986f2d2220fb	POST	/users	undefined
20230605	15:13:20	3ef3eb65-e6b0-4e2b-9500-13ce503a7687	GET	/users	undefined
20230605	15:13:27	6c8e62cb-6a95-4ad3-9738-aacc50acd92c	POST	/users	undefined
20230605	15:13:28	68a44d83-2c18-4539-bd3a-618ec1e042ca	POST	/users	undefined
20230606	08:12:09	263c73f1-86b0-4a9a-8aae-b9b1aebd0dc4	GET	/	undefined
20230606	08:12:09	0a27915d-a955-441c-a24b-a05ed05a8e8e	GET	/css/style.css	undefined
20230606	08:12:11	9f4d26df-c393-45ca-9b56-b88d5b2572b7	GET	/favicon.ico	undefined
20230606	11:14:41	61c09777-e682-4b48-9e61-e300aec003be	GET	/	undefined
20230606	11:14:41	bc8aa75b-d247-4584-a8b3-3c4639b6bde3	GET	/css/style.css	undefined
